paquetes: 17315.0
IP(2048) Paquetes: 10501
IP P(2048) = 0.606468380017
IP I(2048) = 0.721495666658
ARP(2054) Paquetes: 3521
ARP P(2054) = 0.203349696795
ARP I(2054) = 2.29796525522
Raw(34983) Paquetes: 12
Raw P(34983) = 0.000693040716142
Raw I(34983) = 10.4947722664
Raw(35020) Paquetes: 20
Raw P(35020) = 0.00115506786024
Raw I(35020) = 9.7578066722
LLC(LLC) Paquetes: 584
LLC P(LLC) = 0.0337279815189
LLC I(LLC) = 4.8899102082
IPv6(34525) Paquetes: 2677
IPv6 P(34525) = 0.154605833093
IPv6 I(34525) = 2.69333334344
H(S) = 1.50473092589
